{"/home/cblanco/Development/tdd-e2e/src/services/CreateClient.ts": {"path":"/home/cblanco/Development/tdd-e2e/src/services/CreateClient.ts","all":false,"statementMap":{"0":{"start":{"line":1,"column":0},"end":{"line":1,"column":70}},"1":{"start":{"line":2,"column":0},"end":{"line":2,"column":0}},"2":{"start":{"line":3,"column":0},"end":{"line":3,"column":31}},"3":{"start":{"line":4,"column":0},"end":{"line":4,"column":18}},"4":{"start":{"line":5,"column":0},"end":{"line":5,"column":25}},"5":{"start":{"line":6,"column":0},"end":{"line":6,"column":1}},"6":{"start":{"line":7,"column":0},"end":{"line":7,"column":0}},"7":{"start":{"line":8,"column":0},"end":{"line":8,"column":31}},"8":{"start":{"line":9,"column":0},"end":{"line":9,"column":21}},"9":{"start":{"line":10,"column":0},"end":{"line":10,"column":53}},"10":{"start":{"line":11,"column":0},"end":{"line":11,"column":12}},"11":{"start":{"line":12,"column":0},"end":{"line":12,"column":0}},"12":{"start":{"line":13,"column":0},"end":{"line":13,"column":62}},"13":{"start":{"line":14,"column":0},"end":{"line":14,"column":21}},"14":{"start":{"line":15,"column":0},"end":{"line":15,"column":84}},"15":{"start":{"line":16,"column":0},"end":{"line":16,"column":9}},"16":{"start":{"line":17,"column":0},"end":{"line":17,"column":0}},"17":{"start":{"line":18,"column":0},"end":{"line":18,"column":45}},"18":{"start":{"line":19,"column":0},"end":{"line":19,"column":18}},"19":{"start":{"line":20,"column":0},"end":{"line":20,"column":23}},"20":{"start":{"line":21,"column":0},"end":{"line":21,"column":10}},"21":{"start":{"line":22,"column":0},"end":{"line":22,"column":5}},"22":{"start":{"line":23,"column":0},"end":{"line":23,"column":1}}},"s":{"0":1,"1":1,"2":1,"3":1,"4":1,"5":1,"6":1,"7":1,"8":1,"9":2,"10":2,"11":1,"12":1,"13":2,"14":0,"15":0,"16":2,"17":2,"18":2,"19":2,"20":2,"21":2,"22":1},"branchMap":{"0":{"type":"branch","line":13,"loc":{"start":{"line":13,"column":4},"end":{"line":22,"column":5}},"locations":[{"start":{"line":13,"column":4},"end":{"line":22,"column":5}}]},"1":{"type":"branch","line":14,"loc":{"start":{"line":14,"column":20},"end":{"line":16,"column":9}},"locations":[{"start":{"line":14,"column":20},"end":{"line":16,"column":9}}]},"2":{"type":"branch","line":9,"loc":{"start":{"line":9,"column":8},"end":{"line":11,"column":12}},"locations":[{"start":{"line":9,"column":8},"end":{"line":11,"column":12}}]}},"b":{"0":[2],"1":[0],"2":[2]},"fnMap":{"0":{"name":"execute","decl":{"start":{"line":13,"column":4},"end":{"line":22,"column":5}},"loc":{"start":{"line":13,"column":4},"end":{"line":22,"column":5}},"line":13},"1":{"name":"CreateClient","decl":{"start":{"line":9,"column":8},"end":{"line":11,"column":12}},"loc":{"start":{"line":9,"column":8},"end":{"line":11,"column":12}},"line":9}},"f":{"0":2,"1":2}}
}
